Vina docking log for ligand.pdbqt
=================================

Command:
vina --receptor /home/grheco/repositorios/gbsa-pipeline/data/complex3/workdir/test1.pdbqt --ligand /home/grheco/repositorios/gbsa-pipeline/data/complex3/workdir/ligand.pdbqt --center_x 0.0 --center_y 0.0 --center_z 0.0 --size_x 20.0 --size_y 20.0 --size_z 20.0 --out /home/grheco/repositorios/gbsa-pipeline/data/complex3/workdir/ligand_vina_out.pdbqt --seed 42

Return code:
0

STDOUT
------
AutoDock Vina 7ac2999-mod
#################################################################
# If you used AutoDock Vina in your work, please cite:          #
#                                                               #
# J. Eberhardt, D. Santos-Martins, A. F. Tillack, and S. Forli  #
# AutoDock Vina 1.2.0: New Docking Methods, Expanded Force      #
# Field, and Python Bindings, J. Chem. Inf. Model. (2021)       #
# DOI 10.1021/acs.jcim.1c00203                                  #
#                                                               #
# O. Trott, A. J. Olson,                                        #
# AutoDock Vina: improving the speed and accuracy of docking    #
# with a new scoring function, efficient optimization and       #
# multithreading, J. Comp. Chem. (2010)                         #
# DOI 10.1002/jcc.21334                                         #
#                                                               #
# Please see https://github.com/ccsb-scripps/AutoDock-Vina for  #
# more information.                                             #
#################################################################

Scoring function : vina
Rigid receptor: /home/grheco/repositorios/gbsa-pipeline/data/complex3/workdir/test1.pdbqt
Ligand: /home/grheco/repositorios/gbsa-pipeline/data/complex3/workdir/ligand.pdbqt
Grid center: X 0 Y 0 Z 0
Grid size  : X 20 Y 20 Z 20
Grid space : 0.375
Exhaustiveness: 8
CPU: 0
Verbosity: 1

Computing Vina grid ... done.
Performing docking (random seed: 42) ... 
0%   10   20   30   40   50   60   70   80   90   100%
|----|----|----|----|----|----|----|----|----|----|
***************************************************

mode |   affinity | dist from best mode
     | (kcal/mol) | rmsd l.b.| rmsd u.b.
-----+------------+----------+----------
   1        -3.85          0          0
   2       -3.754      2.972      7.287
   3       -3.674       3.62      5.992
   4       -3.597      3.606      6.847
   5       -3.416      3.652      8.554
   6         -3.4      3.443      6.144
   7       -3.373      4.091       7.64
   8       -3.303      5.089      9.158
   9       -3.252      3.865      6.874


STDERR
------
WARNING: At low exhaustiveness, it may be impossible to utilize all CPUs.

