Protein preparation log
=======================

Input protein PDB: /home/grheco/repositorios/gbsa-pipeline/data/complex1/protein1.pdb
Output PDB: /home/grheco/repositorios/gbsa-pipeline/pipeline_runs/protein1__ligand1/md/protein/protein_for_parametrization.pdb
Mapped residue name CYX -> CYS
Mapped residue name CYX -> CYS
Mapped residue name CYX -> CYS
Mapped residue name CYX -> CYS
Mapped residue name CYX -> CYS
Mapped residue name CYX -> CYS
Mapped residue name CYX -> CYS
Mapped residue name CYX -> CYS
Mapped residue name CYX -> CYS
Mapped residue name CYX -> CYS
Mapped residue name CYX -> CYS
Mapped residue name CYX -> CYS
Mapped residue name CYX -> CYS
Mapped residue name CYX -> CYS
Mapped residue name CYX -> CYS
Mapped residue name CYX -> CYS
Mapped residue name CYX -> CYS
Mapped residue name CYX -> CYS
Mapped residue name CYX -> CYS
Mapped residue name CYX -> CYS
Mapped residue name CYX -> CYS
Mapped residue name CYX -> CYS
Mapped residue name CYX -> CYS
Mapped residue name CYX -> CYS
Mapped residue name CYX -> CYS
Mapped residue name CYX -> CYS
Mapped residue name CYX -> CYS
Mapped residue name CYX -> CYS
Mapped residue name CYX -> CYS
Mapped residue name CYX -> CYS
Mapped residue name CYX -> CYS
Mapped residue name CYX -> CYS
Mapped residue name CYX -> CYS
Mapped residue name CYX -> CYS
Mapped residue name CYX -> CYS
Mapped residue name CYX -> CYS
Mapped residue name CYX -> CYS
Mapped residue name CYX -> CYS
Mapped residue name CYX -> CYS
Mapped residue name CYX -> CYS
Mapped residue name CYX -> CYS
Mapped residue name CYX -> CYS
Mapped residue name CYX -> CYS
Mapped residue name CYX -> CYS
Mapped residue name CYX -> CYS
Mapped residue name CYX -> CYS
Mapped residue name CYX -> CYS
Mapped residue name CYX -> CYS
Mapped residue name CYX -> CYS
Mapped residue name CYX -> CYS
Mapped residue name CYX -> CYS
Mapped residue name CYX -> CYS
Mapped residue name CYX -> CYS
Mapped residue name CYX -> CYS
Mapped residue name CYX -> CYS
Mapped residue name CYX -> CYS
Mapped residue name CYX -> CYS
Mapped residue name CYX -> CYS
Mapped residue name CYX -> CYS
Mapped residue name CYX -> CYS
Mapped residue name CYX -> CYS
Mapped residue name CYX -> CYS
Mapped residue name CYX -> CYS
Mapped residue name CYX -> CYS
Mapped residue name CYX -> CYS
Mapped residue name CYX -> CYS
Mapped residue name CYX -> CYS
Mapped residue name CYX -> CYS
Mapped residue name CYX -> CYS
Mapped residue name CYX -> CYS
Mapped residue name CYX -> CYS
Mapped residue name CYX -> CYS
Mapped residue name CYX -> CYS
Mapped residue name CYX -> CYS
Mapped residue name CYX -> CYS
Mapped residue name CYX -> CYS
Mapped residue name CYX -> CYS
Mapped residue name CYX -> CYS
Mapped residue name CYX -> CYS
Mapped residue name CYX -> CYS
Mapped residue name CYX -> CYS
Mapped residue name CYX -> CYS
Mapped residue name CYX -> CYS
Mapped residue name CYX -> CYS
Mapped residue name CYX -> CYS
Mapped residue name CYX -> CYS
Mapped residue name CYX -> CYS
Mapped residue name CYX -> CYS
Mapped residue name CYX -> CYS
Mapped residue name CYX -> CYS
Mapped residue name CYX -> CYS
Mapped residue name CYX -> CYS
Mapped residue name CYX -> CYS
Mapped residue name CYX -> CYS
Mapped residue name CYX -> CYS
Mapped residue name CYX -> CYS
Mapped residue name CYX -> CYS
Mapped residue name CYX -> CYS
Mapped residue name CYX -> CYS
Mapped residue name CYX -> CYS
Removed water records: 147
Mapped residue-name records: 100